# JRE version: Java(TM) SE Runtime Environment (8.0_181-b13) (build 1.8.0_181-b13)
# Java VM: Java HotSpot(TM) 64-Bit Server VM (25.181-b13 mixed mode windows-amd64 compressed oops)
Heap:
 PSYoungGen      total 137216K, used 18563K [0x00000000eb180000, 0x00000000f4580000, 0x0000000100000000)
  eden space 129024K, 8% used [0x00000000eb180000,0x00000000ebba0cc8,0x00000000f2f80000)
  from space 8192K, 100% used [0x00000000f3980000,0x00000000f4180000,0x00000000f4180000)
  to   space 10240K, 0% used [0x00000000f2f80000,0x00000000f2f80000,0x00000000f3980000)
 ParOldGen       total 44032K, used 13139K [0x00000000c1400000, 0x00000000c3f00000, 0x00000000eb180000)
  object space 44032K, 29% used [0x00000000c1400000,0x00000000c20d4e60,0x00000000c3f00000)
 Metaspace       used 13770K, capacity 14056K, committed 14336K, reserved 1062912K
  class space    used 1621K, capacity 1694K, committed 1792K, reserved 1048576K
GC Heap History (10 events):
Event: 3.995 GC heap before
{Heap before GC invocations=4 (full 0):
 PSYoungGen      total 35328K, used 35328K [0x00000000eb180000, 0x00000000ed680000, 0x0000000100000000)
  eden space 32768K, 100% used [0x00000000eb180000,0x00000000ed180000,0x00000000ed180000)
  from space 2560K, 100% used [0x00000000ed180000,0x00000000ed400000,0x00000000ed400000)
  to   space 2560K, 0% used [0x00000000ed400000,0x00000000ed400000,0x00000000ed680000)
 ParOldGen       total 44032K, used 5686K [0x00000000c1400000, 0x00000000c3f00000, 0x00000000eb180000)
  object space 44032K, 12% used [0x00000000c1400000,0x00000000c198db50,0x00000000c3f00000)
 Metaspace       used 12449K, capacity 12752K, committed 12928K, reserved 1060864K
  class space    used 1507K, capacity 1581K, committed 1664K, reserved 1048576K
Event: 4.002 GC heap after
Heap after GC invocations=4 (full 0):
 PSYoungGen      total 35328K, used 2560K [0x00000000eb180000, 0x00000000ed680000, 0x0000000100000000)
  eden space 32768K, 0% used [0x00000000eb180000,0x00000000eb180000,0x00000000ed180000)
  from space 2560K, 100% used [0x00000000ed400000,0x00000000ed680000,0x00000000ed680000)
  to   space 2560K, 0% used [0x00000000ed180000,0x00000000ed180000,0x00000000ed400000)
 ParOldGen       total 44032K, used 7633K [0x00000000c1400000, 0x00000000c3f00000, 0x00000000eb180000)
  object space 44032K, 17% used [0x00000000c1400000,0x00000000c1b74628,0x00000000c3f00000)
 Metaspace       used 12449K, capacity 12752K, committed 12928K, reserved 1060864K
  class space    used 1507K, capacity 1581K, committed 1664K, reserved 1048576K
}
Event: 4.284 GC heap before
{Heap before GC invocations=5 (full 0):
 PSYoungGen      total 35328K, used 35328K [0x00000000eb180000, 0x00000000ed680000, 0x0000000100000000)
  eden space 32768K, 100% used [0x00000000eb180000,0x00000000ed180000,0x00000000ed180000)
  from space 2560K, 100% used [0x00000000ed400000,0x00000000ed680000,0x00000000ed680000)
  to   space 2560K, 0% used [0x00000000ed180000,0x00000000ed180000,0x00000000ed400000)
 ParOldGen       total 44032K, used 7633K [0x00000000c1400000, 0x00000000c3f00000, 0x00000000eb180000)
  object space 44032K, 17% used [0x00000000c1400000,0x00000000c1b74628,0x00000000c3f00000)
 Metaspace       used 12694K, capacity 12984K, committed 13184K, reserved 1060864K
  class space    used 1533K, capacity 1616K, committed 1664K, reserved 1048576K
Event: 4.295 GC heap after
Heap after GC invocations=5 (full 0):
 PSYoungGen      total 35328K, used 2544K [0x00000000eb180000, 0x00000000eff80000, 0x0000000100000000)
  eden space 32768K, 0% used [0x00000000eb180000,0x00000000eb180000,0x00000000ed180000)
  from space 2560K, 99% used [0x00000000ed180000,0x00000000ed3fc010,0x00000000ed400000)
  to   space 7168K, 0% used [0x00000000ef880000,0x00000000ef880000,0x00000000eff80000)
 ParOldGen       total 44032K, used 10179K [0x00000000c1400000, 0x00000000c3f00000, 0x00000000eb180000)
  object space 44032K, 23% used [0x00000000c1400000,0x00000000c1df0f80,0x00000000c3f00000)
 Metaspace       used 12694K, capacity 12984K, committed 13184K, reserved 1060864K
  class space    used 1533K, capacity 1616K, committed 1664K, reserved 1048576K
}
Event: 4.715 GC heap before
{Heap before GC invocations=6 (full 0):
 PSYoungGen      total 35328K, used 35312K [0x00000000eb180000, 0x00000000eff80000, 0x0000000100000000)
  eden space 32768K, 100% used [0x00000000eb180000,0x00000000ed180000,0x00000000ed180000)
  from space 2560K, 99% used [0x00000000ed180000,0x00000000ed3fc010,0x00000000ed400000)
  to   space 7168K, 0% used [0x00000000ef880000,0x00000000ef880000,0x00000000eff80000)
 ParOldGen       total 44032K, used 10179K [0x00000000c1400000, 0x00000000c3f00000, 0x00000000eb180000)
  object space 44032K, 23% used [0x00000000c1400000,0x00000000c1df0f80,0x00000000c3f00000)
 Metaspace       used 12786K, capacity 13112K, committed 13440K, reserved 1060864K
  class space    used 1535K, capacity 1616K, committed 1664K, reserved 1048576K
Event: 4.724 GC heap after
Heap after GC invocations=6 (full 0):
 PSYoungGen      total 71680K, used 4464K [0x00000000eb180000, 0x00000000efe80000, 0x0000000100000000)
  eden space 65536K, 0% used [0x00000000eb180000,0x00000000eb180000,0x00000000ef180000)
  from space 6144K, 72% used [0x00000000ef880000,0x00000000efcdc010,0x00000000efe80000)
  to   space 6656K, 0% used [0x00000000ef180000,0x00000000ef180000,0x00000000ef800000)
 ParOldGen       total 44032K, used 10187K [0x00000000c1400000, 0x00000000c3f00000, 0x00000000eb180000)
  object space 44032K, 23% used [0x00000000c1400000,0x00000000c1df2f80,0x00000000c3f00000)
 Metaspace       used 12786K, capacity 13112K, committed 13440K, reserved 1060864K
  class space    used 1535K, capacity 1616K, committed 1664K, reserved 1048576K
}
Event: 5.134 GC heap before
{Heap before GC invocations=7 (full 0):
 PSYoungGen      total 71680K, used 70000K [0x00000000eb180000, 0x00000000efe80000, 0x0000000100000000)
  eden space 65536K, 100% used [0x00000000eb180000,0x00000000ef180000,0x00000000ef180000)
  from space 6144K, 72% used [0x00000000ef880000,0x00000000efcdc010,0x00000000efe80000)
  to   space 6656K, 0% used [0x00000000ef180000,0x00000000ef180000,0x00000000ef800000)
 ParOldGen       total 44032K, used 10187K [0x00000000c1400000, 0x00000000c3f00000, 0x00000000eb180000)
  object space 44032K, 23% used [0x00000000c1400000,0x00000000c1df2f80,0x00000000c3f00000)
 Metaspace       used 12969K, capacity 13276K, committed 13440K, reserved 1060864K
  class space    used 1538K, capacity 1622K, committed 1664K, reserved 1048576K
Event: 5.148 GC heap after
Heap after GC invocations=7 (full 0):
 PSYoungGen      total 72192K, used 6640K [0x00000000eb180000, 0x00000000f4180000, 0x0000000100000000)
  eden space 65536K, 0% used [0x00000000eb180000,0x00000000eb180000,0x00000000ef180000)
  from space 6656K, 99% used [0x00000000ef180000,0x00000000ef7fc010,0x00000000ef800000)
  to   space 8192K, 0% used [0x00000000f3980000,0x00000000f3980000,0x00000000f4180000)
 ParOldGen       total 44032K, used 11563K [0x00000000c1400000, 0x00000000c3f00000, 0x00000000eb180000)
  object space 44032K, 26% used [0x00000000c1400000,0x00000000c1f4afd0,0x00000000c3f00000)
 Metaspace       used 12969K, capacity 13276K, committed 13440K, reserved 1060864K
  class space    used 1538K, capacity 1622K, committed 1664K, reserved 1048576K
}
Event: 6.208 GC heap before
{Heap before GC invocations=8 (full 0):
 PSYoungGen      total 72192K, used 72176K [0x00000000eb180000, 0x00000000f4180000, 0x0000000100000000)
  eden space 65536K, 100% used [0x00000000eb180000,0x00000000ef180000,0x00000000ef180000)
  from space 6656K, 99% used [0x00000000ef180000,0x00000000ef7fc010,0x00000000ef800000)
  to   space 8192K, 0% used [0x00000000f3980000,0x00000000f3980000,0x00000000f4180000)
 ParOldGen       total 44032K, used 11563K [0x00000000c1400000, 0x00000000c3f00000, 0x00000000eb180000)
  object space 44032K, 26% used [0x00000000c1400000,0x00000000c1f4afd0,0x00000000c3f00000)
 Metaspace       used 13308K, capacity 13596K, committed 13696K, reserved 1060864K
  class space    used 1556K, capacity 1622K, committed 1664K, reserved 1048576K
Event: 6.237 GC heap after
Heap after GC invocations=8 (full 0):
 PSYoungGen      total 137216K, used 8192K [0x00000000eb180000, 0x00000000f4580000, 0x0000000100000000)
  eden space 129024K, 0% used [0x00000000eb180000,0x00000000eb180000,0x00000000f2f80000)
  from space 8192K, 100% used [0x00000000f3980000,0x00000000f4180000,0x00000000f4180000)
  to   space 10240K, 0% used [0x00000000f2f80000,0x00000000f2f80000,0x00000000f3980000)
 ParOldGen       total 44032K, used 13139K [0x00000000c1400000, 0x00000000c3f00000, 0x00000000eb180000)
  object space 44032K, 29% used [0x00000000c1400000,0x00000000c20d4e60,0x00000000c3f00000)
 Metaspace       used 13308K, capacity 13596K, committed 13696K, reserved 1060864K
  class space    used 1556K, capacity 1622K, committed 1664K, reserved 1048576K
}

